2021-11-14  2:57:05 0 [Note] InnoDB: Mutexes and rw_locks use Windows interlocked functions
2021-11-14  2:57:05 0 [Note] InnoDB: Uses event mutexes
2021-11-14  2:57:05 0 [Note] InnoDB: Compressed tables use zlib 1.2.11
2021-11-14  2:57:05 0 [Note] InnoDB: Number of pools: 1
2021-11-14  2:57:05 0 [Note] InnoDB: Using SSE2 crc32 instructions
2021-11-14  2:57:05 0 [Note] InnoDB: Initializing buffer pool, total size = 16M, instances = 1, chunk size = 16M
2021-11-14  2:57:05 0 [Note] InnoDB: Completed initialization of buffer pool
2021-11-14  2:57:06 0 [Note] InnoDB: Starting crash recovery from checkpoint LSN=300288
2021-11-14  2:57:07 0 [Note] InnoDB: 128 out of 128 rollback segments are active.
2021-11-14  2:57:07 0 [Note] InnoDB: Removed temporary tablespace data file: "ibtmp1"
2021-11-14  2:57:07 0 [Note] InnoDB: Creating shared tablespace for temporary tables
2021-11-14  2:57:07 0 [Note] InnoDB: Setting file 'D:\Xampp\mysql\data\ibtmp1' size to 12 MB. Physically writing the file full; Please wait ...
2021-11-14  2:57:07 0 [Note] InnoDB: File 'D:\Xampp\mysql\data\ibtmp1' size is now 12 MB.
2021-11-14  2:57:07 0 [Note] InnoDB: Waiting for purge to start
2021-11-14  2:57:07 0 [Note] InnoDB: 10.4.21 started; log sequence number 300297; transaction id 170
2021-11-14  2:57:07 0 [Note] InnoDB: Loading buffer pool(s) from D:\Xampp\mysql\data\ib_buffer_pool
2021-11-14  2:57:07 0 [Note] Plugin 'FEEDBACK' is disabled.
2021-11-14  2:57:07 0 [Note] Server socket created on IP: '::'.
2021-11-14  3:15:09 0 [Note] InnoDB: Mutexes and rw_locks use Windows interlocked functions
2021-11-14  3:15:09 0 [Note] InnoDB: Uses event mutexes
2021-11-14  3:15:09 0 [Note] InnoDB: Compressed tables use zlib 1.2.11
2021-11-14  3:15:09 0 [Note] InnoDB: Number of pools: 1
2021-11-14  3:15:09 0 [Note] InnoDB: Using SSE2 crc32 instructions
2021-11-14  3:15:09 0 [Note] InnoDB: Initializing buffer pool, total size = 16M, instances = 1, chunk size = 16M
2021-11-14  3:15:09 0 [Note] InnoDB: Completed initialization of buffer pool
2021-11-14  3:15:10 0 [Note] InnoDB: Starting crash recovery from checkpoint LSN=68812306
2021-11-14  3:15:13 0 [Note] InnoDB: 128 out of 128 rollback segments are active.
2021-11-14  3:15:13 0 [Note] InnoDB: Removed temporary tablespace data file: "ibtmp1"
2021-11-14  3:15:13 0 [Note] InnoDB: Creating shared tablespace for temporary tables
2021-11-14  3:15:13 0 [Note] InnoDB: Setting file 'D:\Xampp\mysql\data\ibtmp1' size to 12 MB. Physically writing the file full; Please wait ...
2021-11-14  3:15:13 0 [Note] InnoDB: File 'D:\Xampp\mysql\data\ibtmp1' size is now 12 MB.
2021-11-14  3:15:13 0 [Note] InnoDB: Waiting for purge to start
2021-11-14  3:15:13 0 [Note] InnoDB: 10.4.21 started; log sequence number 68812315; transaction id 578
2021-11-14  3:15:13 0 [Note] Plugin 'FEEDBACK' is disabled.
2021-11-14  3:15:13 0 [Note] InnoDB: Loading buffer pool(s) from D:\Xampp\mysql\data\ib_buffer_pool
2021-11-14  3:15:14 0 [Note] Server socket created on IP: '::'.
2021-11-14  9:16:35 0 [Note] InnoDB: Mutexes and rw_locks use Windows interlocked functions
2021-11-14  9:16:35 0 [Note] InnoDB: Uses event mutexes
2021-11-14  9:16:35 0 [Note] InnoDB: Compressed tables use zlib 1.2.11
2021-11-14  9:16:35 0 [Note] InnoDB: Number of pools: 1
2021-11-14  9:16:35 0 [Note] InnoDB: Using SSE2 crc32 instructions
2021-11-14  9:16:35 0 [Note] InnoDB: Initializing buffer pool, total size = 16M, instances = 1, chunk size = 16M
2021-11-14  9:16:35 0 [Note] InnoDB: Completed initialization of buffer pool
2021-11-14  9:16:35 0 [Note] InnoDB: Starting crash recovery from checkpoint LSN=68823184
2021-11-14  9:16:36 0 [Note] InnoDB: 128 out of 128 rollback segments are active.
2021-11-14  9:16:36 0 [Note] InnoDB: Removed temporary tablespace data file: "ibtmp1"
2021-11-14  9:16:36 0 [Note] InnoDB: Creating shared tablespace for temporary tables
2021-11-14  9:16:36 0 [Note] InnoDB: Setting file 'D:\Xampp\mysql\data\ibtmp1' size to 12 MB. Physically writing the file full; Please wait ...
2021-11-14  9:16:36 0 [Note] InnoDB: File 'D:\Xampp\mysql\data\ibtmp1' size is now 12 MB.
2021-11-14  9:16:36 0 [Note] InnoDB: Waiting for purge to start
2021-11-14  9:16:36 0 [Note] InnoDB: 10.4.21 started; log sequence number 68823193; transaction id 680
2021-11-14  9:16:36 0 [Note] Plugin 'FEEDBACK' is disabled.
2021-11-14  9:16:36 0 [Note] InnoDB: Loading buffer pool(s) from D:\Xampp\mysql\data\ib_buffer_pool
2021-11-14  9:16:36 0 [Note] InnoDB: Buffer pool(s) load completed at 211114  9:16:36
2021-11-14  9:16:36 0 [Note] Server socket created on IP: '::'.
2021-12-22 17:14:45 0 [Note] InnoDB: Mutexes and rw_locks use Windows interlocked functions
2021-12-22 17:14:45 0 [Note] InnoDB: Uses event mutexes
2021-12-22 17:14:45 0 [Note] InnoDB: Compressed tables use zlib 1.2.11
2021-12-22 17:14:45 0 [Note] InnoDB: Number of pools: 1
2021-12-22 17:14:45 0 [Note] InnoDB: Using SSE2 crc32 instructions
2021-12-22 17:14:45 0 [Note] InnoDB: Initializing buffer pool, total size = 16M, instances = 1, chunk size = 16M
2021-12-22 17:14:45 0 [Note] InnoDB: Completed initialization of buffer pool
2021-12-22 17:14:45 0 [Note] InnoDB: Starting crash recovery from checkpoint LSN=68844003
2021-12-22 17:14:46 0 [Note] InnoDB: 128 out of 128 rollback segments are active.
2021-12-22 17:14:46 0 [Note] InnoDB: Removed temporary tablespace data file: "ibtmp1"
2021-12-22 17:14:46 0 [Note] InnoDB: Creating shared tablespace for temporary tables
2021-12-22 17:14:46 0 [Note] InnoDB: Setting file 'D:\Xampp\mysql\data\ibtmp1' size to 12 MB. Physically writing the file full; Please wait ...
2021-12-22 17:14:46 0 [Note] InnoDB: File 'D:\Xampp\mysql\data\ibtmp1' size is now 12 MB.
2021-12-22 17:14:46 0 [Note] InnoDB: Waiting for purge to start
2021-12-22 17:14:46 0 [Note] InnoDB: 10.4.21 started; log sequence number 68844012; transaction id 838
2021-12-22 17:14:46 0 [Note] Plugin 'FEEDBACK' is disabled.
2021-12-22 17:14:46 0 [Note] InnoDB: Loading buffer pool(s) from D:\Xampp\mysql\data\ib_buffer_pool
2021-12-22 17:14:46 0 [Note] InnoDB: Buffer pool(s) load completed at 211222 17:14:46
2021-12-22 17:14:46 0 [Note] Server socket created on IP: '::'.
